app/build/outputs/logs/manifest-merger-debug-report.txt
-- Merging decision tree log ---
manifest
ADDED from AndroidManifest.xml:2:1
	package
		ADDED from AndroidManifest.xml:3:5
		INJECTED from AndroidManifest.xml:0:0
		INJECTED from AndroidManifest.xml:0:0
	android:versionName
		INJECTED from AndroidManifest.xml:0:0
		INJECTED from AndroidManifest.xml:0:0
	xmlns:android
		ADDED from AndroidManifest.xml:2:11
	android:versionCode
		INJECTED from AndroidManifest.xml:0:0
		INJECTED from AndroidManifest.xml:0:0
uses-permission#android.permission.INTERNET
ADDED from AndroidManifest.xml:5:5
	android:name
		ADDED from AndroidManifest.xml:5:22
application
ADDED from AndroidManifest.xml:7:5
MERGED from com.android.support:appcompat-v7:21.0.3:16:5
MERGED from com.android.support:support-v4:21.0.3:16:5
MERGED from com.android.support:palette-v7:21.0.0:16:5
MERGED from com.android.support:support-v4:21.0.3:16:5
MERGED from com.android.support:cardview-v7:21.0.0:16:5
MERGED from com.github.navasmdc:MaterialDesign:1.4:11:5
MERGED from com.android.support:support-v4:21.0.3:16:5
MERGED from com.embarkmobile:zxing-android-minimal:2.0.0:44:3
MERGED from com.embarkmobile:zxing-android-integration:2.0.0:4:5
MERGED from JayClient:jayclientlib:unspecified:11:5
MERGED from com.android.support:appcompat-v7:21.0.3:16:5
MERGED from com.android.support:support-v4:21.0.3:16:5
	android:label
		ADDED from AndroidManifest.xml:10:9
	android:allowBackup
		ADDED from AndroidManifest.xml:8:9
	android:icon
		ADDED from AndroidManifest.xml:9:9
	android:theme
		ADDED from AndroidManifest.xml:11:9
activity#com.nxt.jayclient.MainActivity
ADDED from AndroidManifest.xml:12:9
	android:label
		ADDED from AndroidManifest.xml:14:13
	android:windowSoftInputMode
		ADDED from AndroidManifest.xml:15:13
	android:name
		ADDED from AndroidManifest.xml:13:13
intent-filter#android.intent.action.MAIN+android.intent.category.LAUNCHER
ADDED from AndroidManifest.xml:16:13
action#android.intent.action.MAIN
ADDED from AndroidManifest.xml:17:17
	android:name
		ADDED from AndroidManifest.xml:17:25
category#android.intent.category.LAUNCHER
ADDED from AndroidManifest.xml:19:17
	android:name
		ADDED from AndroidManifest.xml:19:27
activity#com.nxt.jayclient.SignTxActivity
ADDED from AndroidManifest.xml:22:9
	android:label
		ADDED from AndroidManifest.xml:24:13
	android:launchMode
		ADDED from AndroidManifest.xml:25:13
	android:windowSoftInputMode
		ADDED from AndroidManifest.xml:26:13
	android:name
		ADDED from AndroidManifest.xml:23:13
intent-filter#android.intent.category.DEFAULT+nxtvault.intent.action.SIGN
ADDED from AndroidManifest.xml:28:13
action#nxtvault.intent.action.SIGN
ADDED from AndroidManifest.xml:29:17
	android:name
		ADDED from AndroidManifest.xml:29:25
category#android.intent.category.DEFAULT
ADDED from AndroidManifest.xml:30:17
	android:name
		ADDED from AndroidManifest.xml:30:27
data
ADDED from AndroidManifest.xml:31:17
	android:mimeType
		ADDED from AndroidManifest.xml:31:23
intent-filter#android.intent.category.DEFAULT+nxtvault.intent.action.SIGNANDBROADCAST
ADDED from AndroidManifest.xml:34:13
action#nxtvault.intent.action.SIGNANDBROADCAST
ADDED from AndroidManifest.xml:35:17
	android:name
		ADDED from AndroidManifest.xml:35:25
intent-filter#android.intent.category.DEFAULT+nxtvault.intent.action.REQUESTACCOUNT
ADDED from AndroidManifest.xml:39:13
action#nxtvault.intent.action.REQUESTACCOUNT
ADDED from AndroidManifest.xml:40:17
	android:name
		ADDED from AndroidManifest.xml:40:25
uses-sdk
INJECTED from AndroidManifest.xml:0:0 reason: use-sdk injection requested
MERGED from com.android.support:appcompat-v7:21.0.3:15:5
MERGED from com.android.support:support-v4:21.0.3:15:5
MERGED from com.android.support:palette-v7:21.0.0:15:5
MERGED from com.android.support:support-v4:21.0.3:15:5
MERGED from com.android.support:cardview-v7:21.0.0:15:5
MERGED from com.github.navasmdc:MaterialDesign:1.4:7:5
MERGED from com.github.machinarius:preferencefragment:0.1.1:18:5
MERGED from com.android.support:support-v4:21.0.3:15:5
MERGED from com.embarkmobile:zxing-android-minimal:2.0.0:24:3
MERGED from com.embarkmobile:zxing-android-integration:2.0.0:2:5
MERGED from JayClient:jayclientlib:unspecified:7:5
MERGED from com.android.support:appcompat-v7:21.0.3:15:5
MERGED from com.android.support:support-v4:21.0.3:15:5
	android:targetSdkVersion
		INJECTED from AndroidManifest.xml:0:0
		INJECTED from AndroidManifest.xml:0:0
	android:minSdkVersion
		INJECTED from AndroidManifest.xml:0:0
		INJECTED from AndroidManifest.xml:0:0
uses-permission#android.permission.CAMERA
ADDED from com.embarkmobile:zxing-android-minimal:2.0.0:19:3
	android:name
		ADDED from com.embarkmobile:zxing-android-minimal:2.0.0:19:20
uses-permission#android.permission.VIBRATE
ADDED from com.embarkmobile:zxing-android-minimal:2.0.0:20:3
	android:name
		ADDED from com.embarkmobile:zxing-android-minimal:2.0.0:20:20
uses-permission#android.permission.FLASHLIGHT
ADDED from com.embarkmobile:zxing-android-minimal:2.0.0:21:3
	android:name
		ADDED from com.embarkmobile:zxing-android-minimal:2.0.0:21:20
uses-feature#android.hardware.camera
ADDED from com.embarkmobile:zxing-android-minimal:2.0.0:27:3
	android:required
		ADDED from com.embarkmobile:zxing-android-minimal:2.0.0:27:56
	android:name
		ADDED from com.embarkmobile:zxing-android-minimal:2.0.0:27:17
uses-feature#android.hardware.camera.front
ADDED from com.embarkmobile:zxing-android-minimal:2.0.0:28:3
	android:required
		ADDED from com.embarkmobile:zxing-android-minimal:2.0.0:28:62
	android:name
		ADDED from com.embarkmobile:zxing-android-minimal:2.0.0:28:17
uses-feature#android.hardware.camera.autofocus
ADDED from com.embarkmobile:zxing-android-minimal:2.0.0:31:3
	android:required
		ADDED from com.embarkmobile:zxing-android-minimal:2.0.0:31:66
	android:name
		ADDED from com.embarkmobile:zxing-android-minimal:2.0.0:31:17
uses-feature#android.hardware.camera.flash
ADDED from com.embarkmobile:zxing-android-minimal:2.0.0:32:3
	android:required
		ADDED from com.embarkmobile:zxing-android-minimal:2.0.0:32:62
	android:name
		ADDED from com.embarkmobile:zxing-android-minimal:2.0.0:32:17
uses-feature#android.hardware.screen.landscape
ADDED from com.embarkmobile:zxing-android-minimal:2.0.0:33:3
	android:required
		ADDED from com.embarkmobile:zxing-android-minimal:2.0.0:33:66
	android:name
		ADDED from com.embarkmobile:zxing-android-minimal:2.0.0:33:17
uses-feature#android.hardware.wifi
ADDED from com.embarkmobile:zxing-android-minimal:2.0.0:34:3
	android:required
		ADDED from com.embarkmobile:zxing-android-minimal:2.0.0:34:54
	android:name
		ADDED from com.embarkmobile:zxing-android-minimal:2.0.0:34:17
supports-screens
ADDED from com.embarkmobile:zxing-android-minimal:2.0.0:38:3
	android:largeScreens
		ADDED from com.embarkmobile:zxing-android-minimal:2.0.0:39:21
	android:smallScreens
		ADDED from com.embarkmobile:zxing-android-minimal:2.0.0:41:21
	android:normalScreens
		ADDED from com.embarkmobile:zxing-android-minimal:2.0.0:40:21
	android:xlargeScreens
		ADDED from com.embarkmobile:zxing-android-minimal:2.0.0:38:21
	android:anyDensity
		ADDED from com.embarkmobile:zxing-android-minimal:2.0.0:42:21
activity#com.google.zxing.client.android.CaptureActivity
ADDED from com.embarkmobile:zxing-android-minimal:2.0.0:45:7
	android:clearTaskOnLaunch
		ADDED from com.embarkmobile:zxing-android-minimal:2.0.0:46:17
	android:screenOrientation
		ADDED from com.embarkmobile:zxing-android-minimal:2.0.0:47:17
	android:stateNotNeeded
		ADDED from com.embarkmobile:zxing-android-minimal:2.0.0:48:17
	android:windowSoftInputMode
		ADDED from com.embarkmobile:zxing-android-minimal:2.0.0:50:17
	android:theme
		ADDED from com.embarkmobile:zxing-android-minimal:2.0.0:49:17
	android:name
		ADDED from com.embarkmobile:zxing-android-minimal:2.0.0:45:17
activity#com.google.zxing.client.android.HelpActivity
ADDED from com.embarkmobile:zxing-android-minimal:2.0.0:51:7
	android:screenOrientation
		ADDED from com.embarkmobile:zxing-android-minimal:2.0.0:53:17
	android:label
		ADDED from com.embarkmobile:zxing-android-minimal:2.0.0:52:17
	android:stateNotNeeded
		ADDED from com.embarkmobile:zxing-android-minimal:2.0.0:54:17
	android:name
		ADDED from com.embarkmobile:zxing-android-minimal:2.0.0:51:17
activity#com.google.zxing.client.android.encode.EncodeActivity
ADDED from com.embarkmobile:zxing-android-minimal:2.0.0:55:7
	android:screenOrientation
		ADDED from com.embarkmobile:zxing-android-minimal:2.0.0:56:17
	android:name
		ADDED from com.embarkmobile:zxing-android-minimal:2.0.0:55:17